#
# There is insufficient memory for the Java Runtime Environment to continue.
# Native memory allocation (malloc) failed to allocate 32744 bytes for ChunkPool::allocate
# Possible reasons:
#   The system is out of physical RAM or swap space
#   The process is running with CompressedOops enabled, and the Java Heap may be blocking the growth of the native heap
# Possible solutions:
#   Reduce memory load on the system
#   Increase physical memory or swap space
#   Check if swap backing store is full
#   Decrease Java heap size (-Xmx/-Xms)
#   Decrease number of Java threads
#   Decrease Java thread stack sizes (-Xss)
#   Set larger code cache with -XX:ReservedCodeCacheSize=
#   JVM is running with Unscaled Compressed Oops mode in which the Java heap is
#     placed in the first 4GB address space. The Java Heap base address is the
#     maximum limit for the native heap growth. Please use -XX:HeapBaseMinAddress
#     to set the Java Heap base and to place the Java Heap above 4GB virtual address.
# This output file may be truncated or incomplete.
#
#  Out of Memory Error (allocation.cpp:272), pid=2532, tid=0x0000000000002ae4
#
# JRE version: OpenJDK Runtime Environment (8.0_242-b01) (build 1.8.0_242-release-1644-b01)
# Java VM: OpenJDK 64-Bit Server VM (25.242-b01 mixed mode windows-amd64 compressed oops)
# Failed to write core dump. Minidumps are not enabled by default on client versions of Windows
#

---------------  T H R E A D  ---------------

Current thread (0x0000000019d11800):  JavaThread "C2 CompilerThread2" daemon [_thread_in_native, id=10980, stack(0x000000001b560000,0x000000001b660000)]

Stack: [0x000000001b560000,0x000000001b660000]
[error occurred during error reporting (printing stack bounds), id 0xc0000005]

Native frames: (J=compiled Java code, j=interpreted, Vv=VM code, C=native code)


Current CompileTask:
C2: 279072 16460 %     4       com.android.tools.r8.s.b.U0::a @ 223 (376 bytes)


---------------  P R O C E S S  ---------------

Java Threads: ( => current thread )
  0x000000001cb9e000 JavaThread "WorkerExecutor Queue Thread 12" [_thread_blocked, id=11564, stack(0x0000000034be0000,0x0000000034ce0000)]
  0x000000001cba0800 JavaThread "WorkerExecutor Queue Thread 11" [_thread_blocked, id=10392, stack(0x0000000034460000,0x0000000034560000)]
  0x000000001cb9d800 JavaThread "stdout" [_thread_in_native, id=7796, stack(0x00000000360b0000,0x00000000361b0000)]
  0x00000000214c0000 JavaThread "stderr" [_thread_in_native, id=11420, stack(0x0000000035fb0000,0x00000000360b0000)]
  0x00000000214be800 JavaThread "stdout" [_thread_in_native, id=5364, stack(0x0000000035eb0000,0x0000000035fb0000)]
  0x00000000214be000 JavaThread "stderr" [_thread_in_native, id=7916, stack(0x0000000035db0000,0x0000000035eb0000)]
  0x00000000214bc800 JavaThread "stdout" [_thread_in_native, id=4456, stack(0x0000000035cb0000,0x0000000035db0000)]
  0x00000000214bb800 JavaThread "stderr" [_thread_in_native, id=1144, stack(0x0000000035bb0000,0x0000000035cb0000)]
  0x00000000214bd000 JavaThread "stdout" [_thread_in_native, id=4352, stack(0x0000000035ab0000,0x0000000035bb0000)]
  0x00000000214bf800 JavaThread "stderr" [_thread_in_native, id=6324, stack(0x00000000359b0000,0x0000000035ab0000)]
  0x00000000214b4000 JavaThread "stdout" [_thread_in_native, id=11860, stack(0x00000000358b0000,0x00000000359b0000)]
  0x00000000214bb000 JavaThread "stderr" [_thread_in_native, id=10304, stack(0x00000000357b0000,0x00000000358b0000)]
  0x00000000214ba000 JavaThread "stdout" [_thread_in_native, id=13732, stack(0x00000000356b0000,0x00000000357b0000)]
  0x00000000214b9800 JavaThread "stderr" [_thread_in_native, id=12604, stack(0x00000000355b0000,0x00000000356b0000)]
  0x00000000214b8800 JavaThread "stdout" [_thread_in_native, id=7688, stack(0x00000000354b0000,0x00000000355b0000)]
  0x00000000214b1000 JavaThread "stderr" [_thread_in_native, id=728, stack(0x00000000353b0000,0x00000000354b0000)]
  0x00000000214b3000 JavaThread "stdout" [_thread_in_native, id=13948, stack(0x00000000352b0000,0x00000000353b0000)]
  0x00000000214b7800 JavaThread "stderr" [_thread_in_native, id=7364, stack(0x00000000351b0000,0x00000000352b0000)]
  0x00000000214b6000 JavaThread "WorkerExecutor Queue Thread 10" [_thread_blocked, id=9536, stack(0x0000000034f00000,0x0000000035000000)]
  0x00000000214b5800 JavaThread "pool-6-thread-1" [_thread_blocked, id=10540, stack(0x0000000034e00000,0x0000000034f00000)]
  0x00000000214b4800 JavaThread "WorkerExecutor Queue Thread 9" [_thread_blocked, id=8436, stack(0x0000000034d00000,0x0000000034e00000)]
  0x00000000214b2800 JavaThread "WorkerExecutor Queue Thread 8" [_thread_blocked, id=13444, stack(0x0000000034ae0000,0x0000000034be0000)]
  0x00000000214b1800 JavaThread "WorkerExecutor Queue Thread 7" [_thread_blocked, id=508, stack(0x00000000349e0000,0x0000000034ae0000)]
  0x0000000022ed7000 JavaThread "WorkerExecutor Queue Thread 5" [_thread_blocked, id=5900, stack(0x00000000347e0000,0x00000000348e0000)]
  0x0000000022ed5800 JavaThread "WorkerExecutor Queue Thread 4" [_thread_blocked, id=2032, stack(0x00000000346e0000,0x00000000347e0000)]
  0x000000001da47000 JavaThread "WorkerExecutor Queue Thread 3" [_thread_blocked, id=11908, stack(0x00000000345e0000,0x00000000346e0000)]
  0x000000001da49800 JavaThread "WorkerExecutor Queue Thread 2" [_thread_blocked, id=8504, stack(0x0000000034360000,0x0000000034460000)]
  0x0000000022d44000 JavaThread "WorkerExecutor Queue" [_thread_blocked, id=10768, stack(0x0000000033c60000,0x0000000033d60000)]
  0x0000000022d3c800 JavaThread "Cache worker for execution history cache (C:\Users\41532\Desktop\FRConfig\.gradle\6.5\executionHistory)" [_thread_blocked, id=11432, stack(0x0000000033a30000,0x0000000033b30000)]
  0x0000000022d43800 JavaThread "Execution worker for ':' Thread 11" [_thread_blocked, id=12756, stack(0x0000000033930000,0x0000000033a30000)]
  0x0000000022d42800 JavaThread "Execution worker for ':' Thread 10" [_thread_blocked, id=12776, stack(0x0000000033830000,0x0000000033930000)]
  0x0000000022d41000 JavaThread "Execution worker for ':' Thread 9" [_thread_blocked, id=12072, stack(0x0000000033730000,0x0000000033830000)]
  0x0000000022d3e000 JavaThread "Execution worker for ':' Thread 8" [_thread_blocked, id=1956, stack(0x0000000033630000,0x0000000033730000)]
  0x0000000020464800 JavaThread "Execution worker for ':' Thread 7" [_thread_blocked, id=7528, stack(0x0000000033530000,0x0000000033630000)]
  0x0000000020463800 JavaThread "Execution worker for ':' Thread 6" [_thread_blocked, id=1720, stack(0x0000000033430000,0x0000000033530000)]
  0x0000000020463000 JavaThread "Execution worker for ':' Thread 5" [_thread_blocked, id=6012, stack(0x0000000033330000,0x0000000033430000)]
  0x000000002045b800 JavaThread "Execution worker for ':' Thread 4" [_thread_blocked, id=7848, stack(0x0000000033230000,0x0000000033330000)]
  0x0000000020462000 JavaThread "Execution worker for ':' Thread 3" [_thread_blocked, id=4372, stack(0x0000000033130000,0x0000000033230000)]
  0x0000000020461800 JavaThread "Execution worker for ':' Thread 2" [_thread_blocked, id=6960, stack(0x0000000033030000,0x0000000033130000)]
  0x0000000020460800 JavaThread "Execution worker for ':'" [_thread_blocked, id=11188, stack(0x0000000031d20000,0x0000000031e20000)]
  0x000000002045d800 JavaThread "Cache worker for file content cache (C:\Users\41532\Desktop\FRConfig\.gradle\6.5\fileContent)" [_thread_blocked, id=3404, stack(0x0000000031960000,0x0000000031a60000)]
  0x000000002045d000 JavaThread "Cache worker for Build Output Cleanup Cache (C:\Users\41532\Desktop\FRConfig\.gradle\buildOutputCleanup)" [_thread_blocked, id=14276, stack(0x0000000030840000,0x0000000030940000)]
  0x0000000020459000 JavaThread "Build operations Thread 12" [_thread_in_Java, id=4780, stack(0x0000000030470000,0x0000000030570000)]
  0x00000000208ee800 JavaThread "Build operations Thread 11" [_thread_in_Java, id=5852, stack(0x000000002e570000,0x000000002e670000)]
  0x00000000208ec800 JavaThread "Build operations Thread 10" [_thread_in_native, id=6468, stack(0x000000002dfb0000,0x000000002e0b0000)]
  0x00000000208ed000 JavaThread "Build operations Thread 9" [_thread_in_Java, id=13288, stack(0x0000000027d10000,0x0000000027e10000)]
  0x00000000208eb800 JavaThread "Build operations Thread 8" [_thread_blocked, id=2432, stack(0x0000000027c10000,0x0000000027d10000)]
  0x00000000208eb000 JavaThread "Build operations Thread 7" [_thread_blocked, id=11916, stack(0x0000000027b10000,0x0000000027c10000)]
  0x00000000208ee000 JavaThread "Build operations Thread 6" [_thread_in_Java, id=3028, stack(0x0000000027a10000,0x0000000027b10000)]
  0x00000000208ea000 JavaThread "Build operations Thread 5" [_thread_in_Java, id=4672, stack(0x0000000026740000,0x0000000026840000)]
  0x00000000208e9800 JavaThread "Build operations Thread 4" [_thread_in_Java, id=7884, stack(0x0000000024870000,0x0000000024970000)]
  0x00000000208e1800 JavaThread "Build operations Thread 3" [_thread_in_Java, id=8100, stack(0x0000000024770000,0x0000000024870000)]
  0x00000000208e8800 JavaThread "Build operations Thread 2" [_thread_blocked, id=6284, stack(0x0000000024670000,0x0000000024770000)]
  0x00000000208e1000 JavaThread "Build operations" [_thread_in_Java, id=12232, stack(0x0000000024370000,0x0000000024470000)]
  0x00000000208e7800 JavaThread "Cache worker for cache directory md-rule (C:\Users\41532\.gradle\caches\6.5\md-rule)" [_thread_blocked, id=9416, stack(0x0000000024270000,0x0000000024370000)]
  0x00000000208e4000 JavaThread "Cache worker for cache directory md-supplier (C:\Users\41532\.gradle\caches\6.5\md-supplier)" [_thread_blocked, id=4360, stack(0x0000000024170000,0x0000000024270000)]
  0x00000000208e0000 JavaThread "Cache worker for checksums cache (C:\Users\41532\Desktop\FRConfig\.gradle\checksums)" [_thread_blocked, id=9528, stack(0x0000000021d20000,0x0000000021e20000)]
  0x00000000208e5800 JavaThread "Cache worker for file hash cache (C:\Users\41532\Desktop\FRConfig\.gradle\6.5\fileHashes)" [_thread_blocked, id=9752, stack(0x000000001f580000,0x000000001f680000)]
  0x00000000208e4800 JavaThread "Thread-270" [_thread_blocked, id=9372, stack(0x000000001f080000,0x000000001f180000)]
  0x00000000208e7000 JavaThread "Stdin handler" [_thread_blocked, id=14052, stack(0x000000001ec80000,0x000000001ed80000)]
  0x00000000208e3000 JavaThread "Asynchronous log dispatcher for DefaultDaemonConnection: socket connection from /127.0.0.1:52816 to /127.0.0.1:52869" [_thread_blocked, id=13552, stack(0x000000001e840000,0x000000001e940000)]
  0x00000000208e2800 JavaThread "Cancel handler" [_thread_blocked, id=9236, stack(0x0000000001690000,0x0000000001790000)]
  0x00000000208df800 JavaThread "Handler for socket connection from /127.0.0.1:52816 to /127.0.0.1:52869" [_thread_in_native, id=10596, stack(0x0000000001590000,0x0000000001690000)]
  0x000000001da4b000 JavaThread "jar transforms Thread 186" [_thread_blocked, id=14000, stack(0x000000002ce50000,0x000000002cf50000)]
  0x000000001da4b800 JavaThread "jar transforms Thread 185" [_thread_blocked, id=2624, stack(0x000000002cd50000,0x000000002ce50000)]
  0x000000001da4a000 JavaThread "jar transforms Thread 184" [_thread_blocked, id=8964, stack(0x000000002cc50000,0x000000002cd50000)]
  0x000000001da48000 JavaThread "jar transforms Thread 183" [_thread_blocked, id=12828, stack(0x000000002cb50000,0x000000002cc50000)]
  0x000000001da3e000 JavaThread "jar transforms Thread 182" [_thread_blocked, id=3400, stack(0x000000002ca50000,0x000000002cb50000)]
  0x000000001da42800 JavaThread "jar transforms Thread 181" [_thread_blocked, id=6744, stack(0x000000002c950000,0x000000002ca50000)]
  0x000000001da3e800 JavaThread "jar transforms Thread 180" [_thread_blocked, id=13532, stack(0x000000002c850000,0x000000002c950000)]
  0x000000001da41800 JavaThread "jar transforms Thread 179" [_thread_blocked, id=13616, stack(0x000000002c750000,0x000000002c850000)]
  0x000000001da41000 JavaThread "jar transforms Thread 178" [_thread_blocked, id=9424, stack(0x000000002c650000,0x000000002c750000)]
  0x000000001da40000 JavaThread "jar transforms Thread 177" [_thread_blocked, id=11960, stack(0x000000002c550000,0x000000002c650000)]
  0x000000001da3f800 JavaThread "jar transforms Thread 176" [_thread_blocked, id=12572, stack(0x000000002c450000,0x000000002c550000)]
  0x000000001da44800 JavaThread "jar transforms Thread 175" [_thread_blocked, id=11412, stack(0x000000002c350000,0x000000002c450000)]
  0x000000001da3d000 JavaThread "jar transforms Thread 174" [_thread_blocked, id=6296, stack(0x000000002c250000,0x000000002c350000)]
  0x000000001da44000 JavaThread "jar transforms Thread 173" [_thread_blocked, id=11628, stack(0x000000002c150000,0x000000002c250000)]
  0x000000001da43000 JavaThread "jar transforms Thread 172" [_thread_blocked, id=9868, stack(0x000000002c050000,0x000000002c150000)]
  0x0000000022681000 JavaThread "jar transforms Thread 171" [_thread_blocked, id=14264, stack(0x000000002bf50000,0x000000002c050000)]
  0x000000002267e000 JavaThread "jar transforms Thread 170" [_thread_blocked, id=9952, stack(0x000000002be50000,0x000000002bf50000)]
  0x0000000022680000 JavaThread "jar transforms Thread 169" [_thread_blocked, id=6456, stack(0x000000002bd50000,0x000000002be50000)]
  0x000000002267d000 JavaThread "jar transforms Thread 168" [_thread_blocked, id=4424, stack(0x000000002bc50000,0x000000002bd50000)]
  0x000000002267e800 JavaThread "jar transforms Thread 167" [_thread_blocked, id=10296, stack(0x000000002bb50000,0x000000002bc50000)]
  0x000000002267f800 JavaThread "jar transforms Thread 166" [_thread_blocked, id=13152, stack(0x000000002ba50000,0x000000002bb50000)]
  0x0000000022675800 JavaThread "jar transforms Thread 165" [_thread_blocked, id=13824, stack(0x000000002b950000,0x000000002ba50000)]
  0x000000002267c800 JavaThread "jar transforms Thread 164" [_thread_blocked, id=1576, stack(0x000000002b850000,0x000000002b950000)]
  0x0000000022679800 JavaThread "jar transforms Thread 163" [_thread_blocked, id=8928, stack(0x000000002b750000,0x000000002b850000)]
  0x000000002267b800 JavaThread "jar transforms Thread 162" [_thread_blocked, id=9344, stack(0x000000002b650000,0x000000002b750000)]
  0x0000000022678800 JavaThread "jar transforms Thread 161" [_thread_blocked, id=12208, stack(0x000000002b550000,0x000000002b650000)]
  0x000000002267b000 JavaThread "jar transforms Thread 160" [_thread_blocked, id=14148, stack(0x000000002b450000,0x000000002b550000)]
  0x0000000022676800 JavaThread "jar transforms Thread 159" [_thread_blocked, id=1196, stack(0x000000002b350000,0x000000002b450000)]
  0x0000000022674000 JavaThread "jar transforms Thread 158" [_thread_blocked, id=2380, stack(0x000000002b250000,0x000000002b350000)]
  0x000000002267a000 JavaThread "jar transforms Thread 157" [_thread_blocked, id=1644, stack(0x000000002b150000,0x000000002b250000)]
  0x0000000022675000 JavaThread "jar transforms Thread 156" [_thread_blocked, id=7352, stack(0x000000002b050000,0x000000002b150000)]
  0x0000000022677000 JavaThread "jar transforms Thread 155" [_thread_blocked, id=12512, stack(0x000000002af50000,0x000000002b050000)]
  0x0000000022678000 JavaThread "jar transforms Thread 154" [_thread_blocked, id=11424, stack(0x000000002ae50000,0x000000002af50000)]
  0x0000000022672000 JavaThread "jar transforms Thread 153" [_thread_blocked, id=7128, stack(0x000000002ad50000,0x000000002ae50000)]
  0x0000000022673800 JavaThread "jar transforms Thread 152" [_thread_blocked, id=11400, stack(0x000000002ac50000,0x000000002ad50000)]
  0x0000000022672800 JavaThread "jar transforms Thread 151" [_thread_blocked, id=4440, stack(0x000000002ab50000,0x000000002ac50000)]
  0x000000001d694000 JavaThread "jar transforms Thread 150" [_thread_blocked, id=7432, stack(0x000000002aa50000,0x000000002ab50000)]
  0x000000001d693800 JavaThread "jar transforms Thread 149" [_thread_blocked, id=4480, stack(0x000000002a950000,0x000000002aa50000)]
  0x000000001d692800 JavaThread "jar transforms Thread 148" [_thread_blocked, id=14324, stack(0x000000002a850000,0x000000002a950000)]
  0x000000001d692000 JavaThread "jar transforms Thread 147" [_thread_blocked, id=13480, stack(0x000000002a750000,0x000000002a850000)]
  0x000000001d691000 JavaThread "jar transforms Thread 146" [_thread_blocked, id=3800, stack(0x000000002a650000,0x000000002a750000)]
  0x000000001d695800 JavaThread "jar transforms Thread 145" [_thread_blocked, id=1064, stack(0x000000002a550000,0x000000002a650000)]
  0x000000001d695000 JavaThread "jar transforms Thread 144" [_thread_blocked, id=9448, stack(0x000000002a450000,0x000000002a550000)]
  0x000000001d689800 JavaThread "jar transforms Thread 143" [_thread_blocked, id=13340, stack(0x000000002a350000,0x000000002a450000)]
  0x000000001d690800 JavaThread "jar transforms Thread 142" [_thread_blocked, id=3216, stack(0x000000002a250000,0x000000002a350000)]
  0x000000001d689000 JavaThread "jar transforms Thread 141" [_thread_blocked, id=10620, stack(0x000000002a150000,0x000000002a250000)]
  0x000000001d68f800 JavaThread "jar transforms Thread 140" [_thread_blocked, id=12836, stack(0x000000002a050000,0x000000002a150000)]
  0x000000001d68b000 JavaThread "jar transforms Thread 139" [_thread_blocked, id=12452, stack(0x0000000029f50000,0x000000002a050000)]
  0x000000001d68f000 JavaThread "jar transforms Thread 138" [_thread_blocked, id=5000, stack(0x0000000029e50000,0x0000000029f50000)]
  0x000000001d687800 JavaThread "jar transforms Thread 137" [_thread_blocked, id=2868, stack(0x0000000029d50000,0x0000000029e50000)]
  0x000000001d68e000 JavaThread "jar transforms Thread 136" [_thread_blocked, id=6208, stack(0x0000000029c50000,0x0000000029d50000)]
  0x000000001d688000 JavaThread "jar transforms Thread 135" [_thread_blocked, id=1204, stack(0x0000000029b50000,0x0000000029c50000)]
  0x000000001d686800 JavaThread "jar transforms Thread 134" [_thread_blocked, id=9356, stack(0x0000000029a50000,0x0000000029b50000)]
  0x000000001d68d800 JavaThread "jar transforms Thread 133" [_thread_blocked, id=7536, stack(0x0000000029950000,0x0000000029a50000)]
  0x000000001d68a800 JavaThread "jar transforms Thread 132" [_thread_blocked, id=14180, stack(0x0000000029850000,0x0000000029950000)]
  0x000000001d68c800 JavaThread "jar transforms Thread 131" [_thread_blocked, id=2208, stack(0x0000000029750000,0x0000000029850000)]
  0x000000001d68c000 JavaThread "jar transforms Thread 130" [_thread_blocked, id=9704, stack(0x0000000029650000,0x0000000029750000)]
  0x000000001d6f8800 JavaThread "jar transforms Thread 129" [_thread_blocked, id=9984, stack(0x0000000029550000,0x0000000029650000)]
  0x000000001d6f8000 JavaThread "jar transforms Thread 128" [_thread_blocked, id=12396, stack(0x0000000029450000,0x0000000029550000)]
  0x000000001d6f6800 JavaThread "jar transforms Thread 127" [_thread_blocked, id=10940, stack(0x0000000029350000,0x0000000029450000)]
  0x000000001d6f7000 JavaThread "jar transforms Thread 126" [_thread_blocked, id=512, stack(0x0000000029250000,0x0000000029350000)]
  0x000000001d6f5800 JavaThread "jar transforms Thread 125" [_thread_blocked, id=8484, stack(0x0000000029150000,0x0000000029250000)]
  0x000000001d6fa000 JavaThread "jar transforms Thread 124" [_thread_blocked, id=6484, stack(0x0000000029050000,0x0000000029150000)]
  0x000000001d6f3800 JavaThread "jar transforms Thread 123" [_thread_blocked, id=10792, stack(0x0000000028f50000,0x0000000029050000)]
  0x000000001d6f9800 JavaThread "jar transforms Thread 122" [_thread_blocked, id=7284, stack(0x0000000028e50000,0x0000000028f50000)]
  0x0000000022ede000 JavaThread "jar transforms Thread 121" [_thread_blocked, id=12944, stack(0x0000000028b10000,0x0000000028c10000)]
  0x0000000022edd000 JavaThread "jar transforms Thread 120" [_thread_blocked, id=4948, stack(0x0000000028a10000,0x0000000028b10000)]
  0x0000000022edc800 JavaThread "jar transforms Thread 119" [_thread_blocked, id=8140, stack(0x0000000028910000,0x0000000028a10000)]
  0x0000000022edb800 JavaThread "jar transforms Thread 118" [_thread_blocked, id=516, stack(0x0000000028810000,0x0000000028910000)]
  0x0000000022edb000 JavaThread "jar transforms Thread 117" [_thread_blocked, id=2892, stack(0x0000000028710000,0x0000000028810000)]
  0x0000000022eda000 JavaThread "jar transforms Thread 116" [_thread_blocked, id=7356, stack(0x0000000028610000,0x0000000028710000)]
  0x0000000022edf800 JavaThread "jar transforms Thread 115" [_thread_blocked, id=11676, stack(0x0000000028510000,0x0000000028610000)]
  0x0000000022ed9800 JavaThread "jar transforms Thread 114" [_thread_blocked, id=12728, stack(0x0000000028410000,0x0000000028510000)]
  0x0000000022ede800 JavaThread "jar transforms Thread 113" [_thread_blocked, id=4244, stack(0x0000000028310000,0x0000000028410000)]
  0x0000000022ed8800 JavaThread "jar transforms Thread 112" [_thread_blocked, id=11600, stack(0x0000000028210000,0x0000000028310000)]
  0x0000000022ed3800 JavaThread "jar transforms Thread 111" [_thread_blocked, id=2608, stack(0x0000000028110000,0x0000000028210000)]
  0x0000000022ed1000 JavaThread "jar transforms Thread 110" [_thread_blocked, id=11984, stack(0x0000000028010000,0x0000000028110000)]
  0x0000000022ed8000 JavaThread "jar transforms Thread 109" [_thread_blocked, id=3344, stack(0x0000000027f10000,0x0000000028010000)]
  0x0000000022ed0800 JavaThread "jar transforms Thread 108" [_thread_blocked, id=5400, stack(0x0000000027e10000,0x0000000027f10000)]
  0x0000000020458800 JavaThread "jar transforms Thread 107" [_thread_blocked, id=13812, stack(0x0000000023c70000,0x0000000023d70000)]
  0x000000002045a000 JavaThread "jar transforms Thread 106" [_thread_blocked, id=1624, stack(0x0000000023b70000,0x0000000023c70000)]
  0x000000002045c000 JavaThread "jar transforms Thread 105" [_thread_blocked, id=7652, stack(0x0000000023a70000,0x0000000023b70000)]
  0x000000002045f000 JavaThread "jar transforms Thread 104" [_thread_blocked, id=5664, stack(0x0000000023970000,0x0000000023a70000)]
  0x000000002045e800 JavaThread "jar transforms Thread 103" [_thread_blocked, id=9032, stack(0x0000000023870000,0x0000000023970000)]
  0x0000000022d49000 JavaThread "jar transforms Thread 102" [_thread_blocked, id=2280, stack(0x0000000023770000,0x0000000023870000)]
  0x0000000022d48000 JavaThread "jar transforms Thread 101" [_thread_blocked, id=4540, stack(0x0000000023670000,0x0000000023770000)]
  0x0000000022d46800 JavaThread "jar transforms Thread 100" [_thread_blocked, id=2220, stack(0x0000000023570000,0x0000000023670000)]
  0x0000000022d45000 JavaThread "jar transforms Thread 99" [_thread_blocked, id=12708, stack(0x0000000023470000,0x0000000023570000)]
  0x0000000022d4b000 JavaThread "jar transforms Thread 98" [_thread_blocked, id=8564, stack(0x0000000023370000,0x0000000023470000)]
  0x0000000022d4a800 JavaThread "jar transforms Thread 97" [_thread_blocked, id=12092, stack(0x0000000022020000,0x0000000022120000)]
  0x0000000022d49800 JavaThread "jar transforms Thread 96" [_thread_blocked, id=12392, stack(0x0000000021f20000,0x0000000022020000)]
  0x0000000022d4c000 JavaThread "jar transforms Thread 95" [_thread_blocked, id=8856, stack(0x0000000021e20000,0x0000000021f20000)]
  0x0000000022d42000 JavaThread "Daemon worker Thread 2" [_thread_in_vm, id=6776, stack(0x000000001e740000,0x000000001e840000)]
  0x0000000022d40800 JavaThread "Daemon Thread 2" [_thread_blocked, id=12360, stack(0x0000000001490000,0x0000000001590000)]
  0x0000000022ed2000 JavaThread "Memory manager" [_thread_blocked, id=9404, stack(0x000000002d650000,0x000000002d750000)]
  0x0000000020465000 JavaThread "Cache worker for file content cache (C:\Users\41532\.gradle\caches\6.5\fileContent)" [_thread_blocked, id=2820, stack(0x0000000025070000,0x0000000025170000)]
  0x0000000020466800 JavaThread "Cache worker for execution history cache (C:\Users\41532\.gradle\caches\6.5\executionHistory)" [_thread_blocked, id=6232, stack(0x0000000024b70000,0x0000000024c70000)]
  0x000000001d6f4000 JavaThread "Cache worker for file hash cache (C:\Users\41532\.gradle\caches\6.5\fileHashes)" [_thread_blocked, id=3328, stack(0x000000001fa80000,0x000000001fb80000)]
  0x000000001d6f5000 JavaThread "File lock request listener" [_thread_in_native, id=6688, stack(0x000000001f980000,0x000000001fa80000)]
  0x000000001ba02000 JavaThread "Cache worker for journal cache (C:\Users\41532\.gradle\caches\journal-1)" [_thread_blocked, id=7448, stack(0x000000001f880000,0x000000001f980000)]
  0x000000001d595800 JavaThread "Daemon periodic checks" [_thread_blocked, id=3560, stack(0x000000001eb80000,0x000000001ec80000)]
  0x000000001d4fe000 JavaThread "Incoming local TCP Connector on port 52816" [_thread_in_native, id=4712, stack(0x000000001e940000,0x000000001ea40000)]
  0x000000001d4ad000 JavaThread "Daemon health stats" [_thread_blocked, id=900, stack(0x000000001e300000,0x000000001e400000)]
  0x0000000019d1e800 JavaThread "Service Thread" daemon [_thread_blocked, id=2556, stack(0x000000001b760000,0x000000001b860000)]
  0x0000000019d12800 JavaThread "C1 CompilerThread3" daemon [_thread_blocked, id=8588, stack(0x000000001b660000,0x000000001b760000)]
=>0x0000000019d11800 JavaThread "C2 CompilerThread2" daemon [_thread_in_native, id=10980, stack(0x000000001b560000,0x000000001b660000)]
  0x0000000019d0c800 JavaThread "C2 CompilerThread1" daemon [_thread_in_native, id=6476, stack(0x000000001b460000,0x000000001b560000)]
  0x0000000019d04000 JavaThread "C2 CompilerThread0" daemon [_thread_in_native, id=6748, stack(0x000000001b360000,0x000000001b460000)]
  0x0000000019d01000 JavaThread "Attach Listener" daemon [_thread_blocked, id=12084, stack(0x000000001b260000,0x000000001b360000)]
  0x0000000019d00000 JavaThread "Signal Dispatcher" daemon [_thread_blocked, id=13292, stack(0x000000001b160000,0x000000001b260000)]
  0x0000000018632800 JavaThread "Finalizer" daemon [_thread_blocked, id=9148, stack(0x000000001af60000,0x000000001b060000)]
  0x0000000019cf3000 JavaThread "Reference Handler" daemon [_thread_blocked, id=10952, stack(0x000000001ae60000,0x000000001af60000)]
  0x00000000033be800 JavaThread "main" [_thread_blocked, id=1752, stack(0x00000000030f0000,0x00000000031f0000)]

Other Threads:
  0x0000000018625800 VMThread [stack: 0x000000001ad60000,0x000000001ae60000] [id=2312]
  0x0000000019d9c000 WatcherThread [stack: 0x000000001b860000,0x000000001b960000] [id=1052]

VM state:not at safepoint (normal execution)

VM Mutex/Monitor currently owned by a thread:  ([mutex/lock_event])
[0x00000000033bd6b0] SystemDictionary_lock - owner thread: 0x0000000022d42000
[0x0000000003201450] Compile_lock - owner thread: 0x0000000019d12800

OutOfMemory and StackOverflow Exception counts:
OutOfMemoryError java_heap_errors=1

heap address: 0x0000000080000000, size: 2048 MB, Compressed Oops mode: 32-bit
Narrow klass base: 0x0000000000000000, Narrow klass shift: 3
Compressed class space size: 1073741824 Address: 0x0000000100000000

Heap:
 PSYoungGen      total 294912K, used 247247K [0x00000000d5580000, 0x00000000eef80000, 0x0000000100000000)
  eden space 251904K, 86% used [0x00000000d5580000,0x00000000e2b15570,0x00000000e4b80000)
  from space 43008K, 66% used [0x00000000e8300000,0x00000000e9ede6d8,0x00000000ead00000)
  to   space 56832K, 0% used [0x00000000e4b80000,0x00000000e4b80000,0x00000000e8300000)
 ParOldGen       total 280576K, used 108784K [0x0000000080000000, 0x0000000091200000, 0x00000000d5580000)
  object space 280576K, 38% used [0x0000000080000000,0x0000000086a3c028,0x0000000091200000)
 Metaspace       used 127210K, capacity 134618K, committed 134720K, reserved 1165312K
  class space    used 17011K, capacity 18506K, committed 18560K, reserved 1048576K

Card table byte_map: [0x0000000012780000,0x0000000012b90000] byte_map_base: 0x0000000012380000

Marking Bits: (ParMarkBitMap*) 0x000000005cfcf030
 Begin Bits: [0x0000000013840000, 0x0000000015840000)
 End Bits:   [0x0000000015840000, 0x0000000017840000)

Polling page: 0x0000000001810000

CodeCache: size=245760Kb used=47306Kb max_used=47306Kb free=198453Kb
 bounds [0x00000000033c0000, 0x0000000006220000, 0x00000000123c0000]
 total_blobs=15682 nmethods=14764 adapters=825
 compilation: enabled

Compilation events (10 events):
Event: 279.045 Thread 0x0000000019d12800 nmethod 17547 0x0000000006201dd0 code [0x0000000006202660, 0x00000000062085e8]
Event: 279.045 Thread 0x0000000019d12800 17548       2       java.util.TimSort::sort (229 bytes)
Event: 279.046 Thread 0x0000000019d12800 nmethod 17548 0x000000000620b210 code [0x000000000620b3e0, 0x000000000620b898]
Event: 279.047 Thread 0x0000000019d12800 17551       3       com.android.tools.r8.ir.regalloc.a::a (62 bytes)
Event: 279.047 Thread 0x0000000019d12800 nmethod 17551 0x000000000620bd50 code [0x000000000620bf40, 0x000000000620c968]
Event: 279.048 Thread 0x0000000019d12800 17541       2       com.android.tools.r8.s.b.X::b (74 bytes)
Event: 279.049 Thread 0x0000000019d12800 nmethod 17541 0x000000000620cc50 code [0x000000000620ce40, 0x000000000620d3e8]
Event: 279.050 Thread 0x0000000019d12800 17545       2       com.android.tools.r8.s.c.b::a (239 bytes)
Event: 279.053 Thread 0x0000000019d12800 nmethod 17545 0x000000000620d7d0 code [0x000000000620daa0, 0x000000000620e668]
Event: 279.053 Thread 0x0000000019d12800 17552       2       com.android.tools.r8.ir.optimize.r::a (418 bytes)

GC Heap History (10 events):
Event: 264.874 GC heap before
{Heap before GC invocations=20 (full 4):
 PSYoungGen      total 246784K, used 210944K [0x00000000d5580000, 0x00000000e8700000, 0x0000000100000000)
  eden space 210944K, 100% used [0x00000000d5580000,0x00000000e2380000,0x00000000e2380000)
  from space 35840K, 0% used [0x00000000e2380000,0x00000000e2380000,0x00000000e4680000)
  to   space 34816K, 0% used [0x00000000e6500000,0x00000000e6500000,0x00000000e8700000)
 ParOldGen       total 280576K, used 61106K [0x0000000080000000, 0x0000000091200000, 0x00000000d5580000)
  object space 280576K, 21% used [0x0000000080000000,0x0000000083bac920,0x0000000091200000)
 Metaspace       used 103344K, capacity 108084K, committed 108736K, reserved 1142784K
  class space    used 13951K, capacity 14973K, committed 15104K, reserved 1048576K
Event: 264.890 GC heap after
Heap after GC invocations=20 (full 4):
 PSYoungGen      total 277504K, used 21237K [0x00000000d5580000, 0x00000000e8b00000, 0x0000000100000000)
  eden space 242688K, 0% used [0x00000000d5580000,0x00000000d5580000,0x00000000e4280000)
  from space 34816K, 61% used [0x00000000e6500000,0x00000000e79bd738,0x00000000e8700000)
  to   space 35328K, 0% used [0x00000000e4280000,0x00000000e4280000,0x00000000e6500000)
 ParOldGen       total 280576K, used 61114K [0x0000000080000000, 0x0000000091200000, 0x00000000d5580000)
  object space 280576K, 21% used [0x0000000080000000,0x0000000083bae920,0x0000000091200000)
 Metaspace       used 103344K, capacity 108084K, committed 108736K, reserved 1142784K
  class space    used 13951K, capacity 14973K, committed 15104K, reserved 1048576K
}
Event: 273.942 GC heap before
{Heap before GC invocations=21 (full 4):
 PSYoungGen      total 277504K, used 263925K [0x00000000d5580000, 0x00000000e8b00000, 0x0000000100000000)
  eden space 242688K, 100% used [0x00000000d5580000,0x00000000e4280000,0x00000000e4280000)
  from space 34816K, 61% used [0x00000000e6500000,0x00000000e79bd738,0x00000000e8700000)
  to   space 35328K, 0% used [0x00000000e4280000,0x00000000e4280000,0x00000000e6500000)
 ParOldGen       total 280576K, used 61114K [0x0000000080000000, 0x0000000091200000, 0x00000000d5580000)
  object space 280576K, 21% used [0x0000000080000000,0x0000000083bae920,0x0000000091200000)
 Metaspace       used 113672K, capacity 119036K, committed 119232K, reserved 1153024K
  class space    used 15084K, capacity 16257K, committed 16384K, reserved 1048576K
Event: 273.962 GC heap after
Heap after GC invocations=21 (full 4):
 PSYoungGen      total 278016K, used 35299K [0x00000000d5580000, 0x00000000ead00000, 0x0000000100000000)
  eden space 242688K, 0% used [0x00000000d5580000,0x00000000d5580000,0x00000000e4280000)
  from space 35328K, 99% used [0x00000000e4280000,0x00000000e64f8ea0,0x00000000e6500000)
  to   space 43008K, 0% used [0x00000000e8300000,0x00000000e8300000,0x00000000ead00000)
 ParOldGen       total 280576K, used 66697K [0x0000000080000000, 0x0000000091200000, 0x00000000d5580000)
  object space 280576K, 23% used [0x0000000080000000,0x00000000841226a8,0x0000000091200000)
 Metaspace       used 113672K, capacity 119036K, committed 119232K, reserved 1153024K
  class space    used 15084K, capacity 16257K, committed 16384K, reserved 1048576K
}
Event: 276.647 GC heap before
{Heap before GC invocations=22 (full 4):
 PSYoungGen      total 278016K, used 277987K [0x00000000d5580000, 0x00000000ead00000, 0x0000000100000000)
  eden space 242688K, 100% used [0x00000000d5580000,0x00000000e4280000,0x00000000e4280000)
  from space 35328K, 99% used [0x00000000e4280000,0x00000000e64f8ea0,0x00000000e6500000)
  to   space 43008K, 0% used [0x00000000e8300000,0x00000000e8300000,0x00000000ead00000)
 ParOldGen       total 280576K, used 66697K [0x0000000080000000, 0x0000000091200000, 0x00000000d5580000)
  object space 280576K, 23% used [0x0000000080000000,0x00000000841226a8,0x0000000091200000)
 Metaspace       used 119445K, capacity 125254K, committed 125376K, reserved 1157120K
  class space    used 15827K, capacity 17058K, committed 17152K, reserved 1048576K
Event: 276.696 GC heap after
Heap after GC invocations=22 (full 4):
 PSYoungGen      total 304128K, used 37630K [0x00000000d5580000, 0x00000000eb800000, 0x0000000100000000)
  eden space 261120K, 0% used [0x00000000d5580000,0x00000000d5580000,0x00000000e5480000)
  from space 43008K, 87% used [0x00000000e8300000,0x00000000ea7bf908,0x00000000ead00000)
  to   space 47616K, 0% used [0x00000000e5480000,0x00000000e5480000,0x00000000e8300000)
 ParOldGen       total 280576K, used 79116K [0x0000000080000000, 0x0000000091200000, 0x00000000d5580000)
  object space 280576K, 28% used [0x0000000080000000,0x0000000084d43380,0x0000000091200000)
 Metaspace       used 119445K, capacity 125254K, committed 125376K, reserved 1157120K
  class space    used 15827K, capacity 17058K, committed 17152K, reserved 1048576K
}
Event: 277.832 GC heap before
{Heap before GC invocations=23 (full 4):
 PSYoungGen      total 304128K, used 298750K [0x00000000d5580000, 0x00000000eb800000, 0x0000000100000000)
  eden space 261120K, 100% used [0x00000000d5580000,0x00000000e5480000,0x00000000e5480000)
  from space 43008K, 87% used [0x00000000e8300000,0x00000000ea7bf908,0x00000000ead00000)
  to   space 47616K, 0% used [0x00000000e5480000,0x00000000e5480000,0x00000000e8300000)
 ParOldGen       total 280576K, used 79116K [0x0000000080000000, 0x0000000091200000, 0x00000000d5580000)
  object space 280576K, 28% used [0x0000000080000000,0x0000000084d43380,0x0000000091200000)
 Metaspace       used 125097K, capacity 132080K, committed 132160K, reserved 1163264K
  class space    used 16820K, capacity 18233K, committed 18304K, reserved 1048576K
Event: 277.882 GC heap after
Heap after GC invocations=23 (full 4):
 PSYoungGen      total 308736K, used 47606K [0x00000000d5580000, 0x00000000eb800000, 0x0000000100000000)
  eden space 261120K, 0% used [0x00000000d5580000,0x00000000d5580000,0x00000000e5480000)
  from space 47616K, 99% used [0x00000000e5480000,0x00000000e82fda30,0x00000000e8300000)
  to   space 43008K, 0% used [0x00000000e8300000,0x00000000e8300000,0x00000000ead00000)
 ParOldGen       total 280576K, used 87503K [0x0000000080000000, 0x0000000091200000, 0x00000000d5580000)
  object space 280576K, 31% used [0x0000000080000000,0x0000000085573c08,0x0000000091200000)
 Metaspace       used 125097K, capacity 132080K, committed 132160K, reserved 1163264K
  class space    used 16820K, capacity 18233K, committed 18304K, reserved 1048576K
}
Event: 278.610 GC heap before
{Heap before GC invocations=24 (full 4):
 PSYoungGen      total 308736K, used 308726K [0x00000000d5580000, 0x00000000eb800000, 0x0000000100000000)
  eden space 261120K, 100% used [0x00000000d5580000,0x00000000e5480000,0x00000000e5480000)
  from space 47616K, 99% used [0x00000000e5480000,0x00000000e82fda30,0x00000000e8300000)
  to   space 43008K, 0% used [0x00000000e8300000,0x00000000e8300000,0x00000000ead00000)
 ParOldGen       total 280576K, used 87503K [0x0000000080000000, 0x0000000091200000, 0x00000000d5580000)
  object space 280576K, 31% used [0x0000000080000000,0x0000000085573c08,0x0000000091200000)
 Metaspace       used 127072K, capacity 134466K, committed 134720K, reserved 1165312K
  class space    used 16993K, capacity 18462K, committed 18560K, reserved 1048576K
Event: 278.650 GC heap after
Heap after GC invocations=24 (full 4):
 PSYoungGen      total 294912K, used 28537K [0x00000000d5580000, 0x00000000eef80000, 0x0000000100000000)
  eden space 251904K, 0% used [0x00000000d5580000,0x00000000d5580000,0x00000000e4b80000)
  from space 43008K, 66% used [0x00000000e8300000,0x00000000e9ede6d8,0x00000000ead00000)
  to   space 56832K, 0% used [0x00000000e4b80000,0x00000000e4b80000,0x00000000e8300000)
 ParOldGen       total 280576K, used 108784K [0x0000000080000000, 0x0000000091200000, 0x00000000d5580000)
  object space 280576K, 38% used [0x0000000080000000,0x0000000086a3c028,0x0000000091200000)
 Metaspace       used 127072K, capacity 134466K, committed 134720K, reserved 1165312K
  class space    used 16993K, capacity 18462K, committed 18560K, reserved 1048576K
}

Deoptimization events (10 events):
Event: 278.081 Thread 0x0000000022d42000 Uncommon trap: reason=unstable_if action=reinterpret pc=0x0000000005eee2c8 method=com.android.tools.r8.ir.regalloc.b.g(I)Lcom/android/tools/r8/ir/regalloc/b; @ 48
Event: 278.088 Thread 0x00000000208eb000 Uncommon trap: reason=unstable_if action=reinterpret pc=0x0000000005eae0f0 method=com.android.tools.r8.t.a.a.a.h.Z0.a(Ljava/lang/Object;)I @ 52
Event: 278.132 Thread 0x00000000208eb000 Uncommon trap: reason=unstable_if action=reinterpret pc=0x0000000005dde548 method=com.android.tools.r8.graph.k0.equals(Ljava/lang/Object;)Z @ 28
Event: 278.315 Thread 0x00000000208ee800 Uncommon trap: reason=unstable_if action=reinterpret pc=0x0000000005f47a8c method=com.android.tools.r8.ir.regalloc.a.a(Lcom/android/tools/r8/s/b/k0;Lcom/android/tools/r8/ir/regalloc/a$b;)Z @ 75
Event: 278.577 Thread 0x00000000208ee000 Uncommon trap: reason=predicate action=maybe_recompile pc=0x0000000006043de0 method=java.util.TimSort.reverseRange([Ljava/lang/Object;II)V @ 8
Event: 278.586 Thread 0x00000000208ee000 Uncommon trap: reason=unstable_if action=reinterpret pc=0x00000000040b5aa8 method=java.util.Arrays.equals([Ljava/lang/Object;[Ljava/lang/Object;)Z @ 47
Event: 278.904 Thread 0x00000000208e9800 Uncommon trap: reason=unstable_if action=reinterpret pc=0x000000000602ffe8 method=com.android.tools.r8.graph.i0.b(Lcom/android/tools/r8/graph/i0;)I @ 39
Event: 278.916 Thread 0x00000000208ee800 Uncommon trap: reason=class_check action=maybe_recompile pc=0x000000000619d874 method=com.android.tools.r8.s.a.h.e.b(Lcom/android/tools/r8/s/b/k0;)V @ 379
Event: 279.007 Thread 0x00000000208e1000 Uncommon trap: reason=unstable_if action=reinterpret pc=0x000000000619dcb4 method=com.android.tools.r8.s.a.h.e.b(Lcom/android/tools/r8/s/b/k0;)V @ 11
Event: 279.028 Thread 0x00000000208ec800 Uncommon trap: reason=predicate action=maybe_recompile pc=0x00000000061f57c0 method=java.util.TimSort.binarySort([Ljava/lang/Object;IIILjava/util/Comparator;)V @ 37

Classes redefined (0 events):
No events

Internal exceptions (10 events):
Event: 278.214 Thread 0x00000000208eb000 Exception <a 'sun/nio/fs/WindowsException'> (0x00000000db2efbe0) thrown at [C:\src\AOSP-openjdk-git\hotspot\src\share\vm\prims\jni.cpp, line 710]
Event: 278.267 Thread 0x00000000208eb000 Exception <a 'sun/nio/fs/WindowsException'> (0x00000000dc4f1638) thrown at [C:\src\AOSP-openjdk-git\hotspot\src\share\vm\prims\jni.cpp, line 710]
Event: 278.289 Thread 0x00000000208ec800 Exception <a 'sun/nio/fs/WindowsException'> (0x00000000dc62aa70) thrown at [C:\src\AOSP-openjdk-git\hotspot\src\share\vm\prims\jni.cpp, line 710]
Event: 278.697 Thread 0x00000000208ee000 Exception <a 'sun/nio/fs/WindowsException'> (0x00000000d65786d8) thrown at [C:\src\AOSP-openjdk-git\hotspot\src\share\vm\prims\jni.cpp, line 710]
Event: 278.743 Thread 0x00000000208ee000 Exception <a 'sun/nio/fs/WindowsException'> (0x00000000d7db0310) thrown at [C:\src\AOSP-openjdk-git\hotspot\src\share\vm\prims\jni.cpp, line 710]
Event: 278.898 Thread 0x00000000208e1000 Exception <a 'sun/nio/fs/WindowsException'> (0x00000000dae72290) thrown at [C:\src\AOSP-openjdk-git\hotspot\src\share\vm\prims\jni.cpp, line 710]
Event: 278.931 Thread 0x00000000208e1000 Exception <a 'sun/nio/fs/WindowsException'> (0x00000000dd673858) thrown at [C:\src\AOSP-openjdk-git\hotspot\src\share\vm\prims\jni.cpp, line 710]
Event: 278.948 Thread 0x00000000208e9800 Exception <a 'sun/nio/fs/WindowsException'> (0x00000000dda0ee50) thrown at [C:\src\AOSP-openjdk-git\hotspot\src\share\vm\prims\jni.cpp, line 710]
Event: 278.968 Thread 0x00000000208e9800 Exception <a 'sun/nio/fs/WindowsException'> (0x00000000dec4beb0) thrown at [C:\src\AOSP-openjdk-git\hotspot\src\share\vm\prims\jni.cpp, line 710]
Event: 279.005 Thread 0x00000000208eb000 Exception <a 'sun/nio/fs/WindowsException'> (0x00000000df814ea0) thrown at [C:\src\AOSP-openjdk-git\hotspot\src\share\vm\prims\jni.cpp, line 710]

Events (10 events):
Event: 279.005 loading class com/android/tools/r8/t/a/a/a/f/X$g
Event: 279.005 loading class com/android/tools/r8/t/a/a/a/f/X$g done
Event: 279.007 Thread 0x00000000208e1000 Uncommon trap: trap_request=0xffffff65 fr.pc=0x000000000619dcb4
Event: 279.007 Thread 0x00000000208e1000 DEOPT PACKING pc=0x000000000619dcb4 sp=0x000000002446a480
Event: 279.007 Thread 0x00000000208e1000 DEOPT UNPACKING pc=0x000000000340557b sp=0x000000002446a458 mode 2
Event: 279.026 Thread 0x00000000208e1800 DEOPT PACKING pc=0x0000000005ec9d7c sp=0x000000002486a4d0
Event: 279.026 Thread 0x00000000208e1800 DEOPT UNPACKING pc=0x00000000034075d0 sp=0x000000002486a238 mode 0
Event: 279.028 Thread 0x00000000208ec800 Uncommon trap: trap_request=0xffffff86 fr.pc=0x00000000061f57c0
Event: 279.028 Thread 0x00000000208ec800 DEOPT PACKING pc=0x00000000061f57c0 sp=0x000000002e0ab7d0
Event: 279.028 Thread 0x00000000208ec800 DEOPT UNPACKING pc=0x000000000340557b sp=0x000000002e0ab718 mode 2


Dynamic libraries:
0x00007ff63b5b0000 - 0x00007ff63b5e1000 	C:\Program Files\Android\Android Studio\jre\bin\java.exe
0x00007ffdef8d0000 - 0x00007ffdefac6000 	C:\WINDOWS\SYSTEM32\ntdll.dll
0x00007ffdef2c0000 - 0x00007ffdef37d000 	C:\WINDOWS\System32\KERNEL32.DLL
0x00007ffded590000 - 0x00007ffded859000 	C:\WINDOWS\System32\KERNELBASE.dll
0x00007ffdef070000 - 0x00007ffdef11c000 	C:\WINDOWS\System32\ADVAPI32.dll
0x00007ffdef520000 - 0x00007ffdef5be000 	C:\WINDOWS\System32\msvcrt.dll
0x00007ffdeec60000 - 0x00007ffdeecfc000 	C:\WINDOWS\System32\sechost.dll
0x00007ffdef6e0000 - 0x00007ffdef80b000 	C:\WINDOWS\System32\RPCRT4.dll
0x00007ffdef120000 - 0x00007ffdef2c0000 	C:\WINDOWS\System32\USER32.dll
0x00007ffded110000 - 0x00007ffded132000 	C:\WINDOWS\System32\win32u.dll
0x00007ffdede90000 - 0x00007ffdedeba000 	C:\WINDOWS\System32\GDI32.dll
0x00007ffded140000 - 0x00007ffded24b000 	C:\WINDOWS\System32\gdi32full.dll
0x00007ffded860000 - 0x00007ffded8fd000 	C:\WINDOWS\System32\msvcp_win.dll
0x00007ffded250000 - 0x00007ffded350000 	C:\WINDOWS\System32\ucrtbase.dll
0x00007ffdd2160000 - 0x00007ffdd23fb000 	C:\WINDOWS\WinSxS\amd64_microsoft.windows.common-controls_6595b64144ccf1df_6.0.19041.746_none_ca02b4b61b8320a4\COMCTL32.dll
0x00007ffdedec0000 - 0x00007ffdedef0000 	C:\WINDOWS\System32\IMM32.DLL
0x000000005c5c0000 - 0x000000005c692000 	C:\Program Files\Android\Android Studio\jre\jre\bin\msvcr100.dll
0x000000005c800000 - 0x000000005d04b000 	C:\Program Files\Android\Android Studio\jre\jre\bin\server\jvm.dll
0x00007ffded9b0000 - 0x00007ffded9b8000 	C:\WINDOWS\System32\PSAPI.DLL
0x00007ffdd1210000 - 0x00007ffdd1219000 	C:\WINDOWS\SYSTEM32\WSOCK32.dll
0x00007ffdde890000 - 0x00007ffdde8b7000 	C:\WINDOWS\SYSTEM32\WINMM.dll
0x00007ffde23f0000 - 0x00007ffde23fa000 	C:\WINDOWS\SYSTEM32\VERSION.dll
0x00007ffdeea40000 - 0x00007ffdeeaab000 	C:\WINDOWS\System32\WS2_32.dll
0x00007ffde81b0000 - 0x00007ffde81bf000 	C:\Program Files\Android\Android Studio\jre\jre\bin\verify.dll
0x00007ffde7910000 - 0x00007ffde7939000 	C:\Program Files\Android\Android Studio\jre\jre\bin\java.dll
0x00007ffde78f0000 - 0x00007ffde7906000 	C:\Program Files\Android\Android Studio\jre\jre\bin\zip.dll
0x00007ffdee2f0000 - 0x00007ffdeea33000 	C:\WINDOWS\System32\SHELL32.dll
0x00007ffdeb010000 - 0x00007ffdeb79f000 	C:\WINDOWS\SYSTEM32\windows.storage.dll
0x00007ffdeed00000 - 0x00007ffdef056000 	C:\WINDOWS\System32\combase.dll
0x00007ffdec930000 - 0x00007ffdec95c000 	C:\WINDOWS\SYSTEM32\Wldp.dll
0x00007ffdee170000 - 0x00007ffdee21e000 	C:\WINDOWS\System32\SHCORE.dll
0x00007ffdef830000 - 0x00007ffdef885000 	C:\WINDOWS\System32\shlwapi.dll
0x00007ffdecf40000 - 0x00007ffdecf66000 	C:\WINDOWS\SYSTEM32\profapi.dll
0x00007ffde78b0000 - 0x00007ffde78ca000 	C:\Program Files\Android\Android Studio\jre\jre\bin\net.dll
0x00007ffdec6c0000 - 0x00007ffdec72a000 	C:\WINDOWS\system32\mswsock.dll
0x00007ffde3900000 - 0x00007ffde3913000 	C:\Program Files\Android\Android Studio\jre\jre\bin\nio.dll
0x00007ffdde430000 - 0x00007ffdde457000 	C:\Users\41532\.gradle\native\f6784746aeab05261644944871eae4fe03e0ef1612fff0a4a95f87b438bc6780\windows-amd64\native-platform.dll
0x00007ffde7e70000 - 0x00007ffde7e7d000 	C:\Program Files\Android\Android Studio\jre\jre\bin\management.dll
0x00007ffdec990000 - 0x00007ffdec9a8000 	C:\WINDOWS\SYSTEM32\CRYPTSP.dll
0x00007ffdec080000 - 0x00007ffdec0b4000 	C:\WINDOWS\system32\rsaenh.dll
0x00007ffded900000 - 0x00007ffded927000 	C:\WINDOWS\System32\bcrypt.dll
0x00007ffdecf00000 - 0x00007ffdecf2e000 	C:\WINDOWS\SYSTEM32\USERENV.dll
0x00007ffded510000 - 0x00007ffded590000 	C:\WINDOWS\System32\bcryptprimitives.dll
0x00007ffdec840000 - 0x00007ffdec84c000 	C:\WINDOWS\SYSTEM32\CRYPTBASE.dll
0x00007ffdec3d0000 - 0x00007ffdec40b000 	C:\WINDOWS\SYSTEM32\IPHLPAPI.DLL
0x00007ffdef060000 - 0x00007ffdef068000 	C:\WINDOWS\System32\NSI.dll
0x00007ffde7dd0000 - 0x00007ffde7de7000 	C:\WINDOWS\SYSTEM32\dhcpcsvc6.DLL
0x00007ffde7750000 - 0x00007ffde776d000 	C:\WINDOWS\SYSTEM32\dhcpcsvc.DLL
0x00007ffdec410000 - 0x00007ffdec4db000 	C:\WINDOWS\SYSTEM32\DNSAPI.dll
0x00007ffde90a0000 - 0x00007ffde90ab000 	C:\WINDOWS\SYSTEM32\WINNSI.DLL
0x00007ffdebce0000 - 0x00007ffdebd13000 	C:\WINDOWS\SYSTEM32\ntmarta.dll
0x00007ffde04e0000 - 0x00007ffde0504000 	C:\Program Files\Android\Android Studio\jre\jre\bin\sunec.dll
0x00007ffde4900000 - 0x00007ffde490a000 	C:\Windows\System32\rasadhlp.dll
0x00007ffde7a60000 - 0x00007ffde7adf000 	C:\WINDOWS\System32\fwpuclnt.dll
0x00007ffde6bd0000 - 0x00007ffde6bdb000 	C:\Program Files\Android\Android Studio\jre\jre\bin\sunmscapi.dll
0x00007ffded3b0000 - 0x00007ffded506000 	C:\WINDOWS\System32\CRYPT32.dll
0x00007ffde9ed0000 - 0x00007ffde9f60000 	C:\WINDOWS\system32\apphelp.dll

VM Arguments:
jvm_args: -Xmx2048m -Dfile.encoding=UTF-8 -Duser.country=US -Duser.language=en -Duser.variant 
java_command: org.gradle.launcher.daemon.bootstrap.GradleDaemon 6.5
java_class_path (initial): C:\Users\41532\.gradle\wrapper\dists\gradle-6.5-bin\6nifqtx7604sqp1q6g8wikw7p\gradle-6.5\lib\gradle-launcher-6.5.jar
Launcher Type: SUN_STANDARD

Environment Variables:
PATH=C:\Python38\Scripts\;C:\Python38\;C:\oraclexe\app\oracle\product\11.2.0\server\bin;C:\Windows\system32;C:\Windows;C:\Windows\System32\Wbem;C:\Windows\System32\WindowsPowerShell\v1.0\;C:\Windows\System32\OpenSSH\;C:\Program Files\Dart\dart-sdk\bin;C:\Program Files\PuTTY\;C:\Program Files\Microsoft SQL Server\130\Tools\Binn\;C:\Program Files\nodejs\;C:\ProgramData\chocolatey\bin;C:\Program Files\apache-maven-3.6.3\bin;C:\Program Files\Docker\Docker\resources\bin;C:\ProgramData\DockerDesktop\version-bin;C:\WINDOWS\system32;C:\WINDOWS;C:\WINDOWS\System32\Wbem;C:\WINDOWS\System32\WindowsPowerShell\v1.0\;C:\WINDOWS\System32\OpenSSH\;C:\Program Files\TortoiseSVN\bin;C:\Program Files\Git\cmd;C:\Program Files\Java\jdk-13.0.1\bin;C:\Program Files\JetBrains\IntelliJ IDEA 2020.1.1\bin;;C:\Users\41532\AppData\Local\Microsoft\WindowsApps;C:\src\flutter\flutter\bin;C:\Program Files\Dart\flutter\bin;
USERNAME=41532
OS=Windows_NT
PROCESSOR_IDENTIFIER=Intel64 Family 6 Model 158 Stepping 10, GenuineIntel



---------------  S Y S T E M  ---------------

OS: Windows 10.0 , 64 bit Build 19041 (10.0.19041.662)

CPU:total 12 (initial active 12) (6 cores per cpu, 2 threads per core) family 6 model 158 stepping 10, cmov, cx8, fxsr, mmx, sse, sse2, sse3, ssse3, sse4.1, sse4.2, popcnt, avx, avx2, aes, clmul, erms, 3dnowpref, lzcnt, ht, tsc, tscinvbit, bmi1, bmi2, adx

Memory: 4k page, physical 12381748k(2852128k free), swap 12381748k(5124k free)

vm_info: OpenJDK 64-Bit Server VM (25.242-b01) for windows-amd64 JRE (1.8.0_242-release-1644-b01), built by "builder" with MS VC++ 10.0 (VS2010)

time: Tue Jan 19 14:03:36 2021
timezone: Bangladesh Standard Time
elapsed time: 279 seconds (0d 0h 4m 39s)

